# DEPLOYMENT REPORT – FINSIG CI/CD
# Timestamp: 2025-12-18T16:36:00Z
# Environment: Staging (docker-compose)
# Services: finsig-app, postgres-db, prometheus, exporters

[INFO] Initializing deployment pipeline...
[INFO] Pulling latest Docker images from GHCR...
[INFO] Image finsig-app:sha256:abc123 successfully pulled.
[INFO] Image postgres-db:sha256:def456 successfully pulled.
[INFO] Image prometheus:sha256:ghi789 successfully pulled.

[INFO] Starting docker-compose stack...
[INFO] Service finsig-app container started (ID: 9f2a3b).
[INFO] Service postgres-db container started (ID: 7d4b6c).
[INFO] Service prometheus container started (ID: 3a8c1d).
[INFO] Service node-exporter container started (ID: 2b7e9f).
[INFO] Service postgres-exporter container started (ID: 6c1d2a).

[HEALTHCHECK] finsig-app → OK (HTTP 200, response time: 120ms).
[HEALTHCHECK] postgres-db → OK (connection established, latency: 15ms).
[HEALTHCHECK] prometheus → OK (metrics endpoint active).
[HEALTHCHECK] node-exporter → OK (system metrics available).
[HEALTHCHECK] postgres-exporter → OK (database metrics available).

[SECURITY] Container images verified against SHA256 hashes.
[SECURITY] No vulnerabilities detected in base images (bandit + safety scan passed).

[MONITORING] Prometheus scraping metrics from finsig-app, postgres-db, exporters.
[MONITORING] Alert rules loaded: finsig-app down, postgres down, high CPU/memory.

[INFO] Deployment completed successfully.
[INFO] All services operational in staging environment.

# SUMMARY
Deployment Status: SUCCESS
Services Running: 5/5
Healthchecks: PASSED
Security Scan: PASSED
Monitoring: ACTIVE
Audit Hashes: VALIDATED
